[03:45:32] [main/WARN]: Ambiguity between arguments [teleport, destination] and [teleport, targets] with inputs: [Player, 0123, @e, dd12be42-52a9-4a91-a8a1-11c01849e498]
[03:45:32] [main/WARN]: Ambiguity between arguments [teleport, location] and [teleport, destination] with inputs: [0.1 -0.5 .9, 0 0 0]
[03:45:32] [main/WARN]: Ambiguity between arguments [teleport, location] and [teleport, targets] with inputs: [0.1 -0.5 .9, 0 0 0]
[03:45:32] [main/WARN]: Ambiguity between arguments [teleport, targets] and [teleport, destination] with inputs: [Player, 0123, dd12be42-52a9-4a91-a8a1-11c01849e498]
[03:45:32] [main/WARN]: Ambiguity between arguments [teleport, targets, location] and [teleport, targets, destination] with inputs: [0.1 -0.5 .9, 0 0 0]
[03:45:32] [main/INFO]: Loaded 0 recipes
[03:45:32] [main/INFO]: Loaded 0 advancements
[03:45:32] [Server thread/INFO]: Starting minecraft server version 1.13.2
[03:45:32] [Server thread/INFO]: Loading properties
[03:45:32] [Server thread/INFO]: Default game type: SURVIVAL
[03:45:32] [Server thread/INFO]: Generating keypair
[03:45:32] [Server thread/INFO]: Starting Minecraft server on *:25565
[03:45:32] [Server thread/INFO]: Using default channel type
[03:45:33] [Server thread/INFO]: Preparing level "world"
[03:45:33] [Server thread/INFO]: Found new data pack vanilla, loading it automatically
[03:45:33] [Server thread/INFO]: Reloading ResourceManager: Default
[03:45:33] [Server thread/INFO]: Loaded 524 recipes
[03:45:34] [Server thread/INFO]: Loaded 571 advancements
[03:45:37] [Server thread/INFO]: Preparing start region for dimension minecraft:overworld
[03:45:38] [Server thread/INFO]: Preparing spawn area: 0%
[03:45:38] [Server thread/INFO]: Preparing spawn area: 4%
[03:45:38] [Server thread/INFO]: Preparing spawn area: 8%
[03:45:39] [Server thread/INFO]: Preparing spawn area: 12%
[03:45:39] [Server thread/INFO]: Preparing spawn area: 16%
[03:45:39] [Server thread/INFO]: Preparing spawn area: 20%
[03:45:39] [Server thread/INFO]: Preparing spawn area: 24%
[03:45:40] [Server thread/INFO]: Preparing spawn area: 28%
[03:45:40] [Server thread/INFO]: Preparing spawn area: 32%
[03:45:40] [Server thread/INFO]: Preparing spawn area: 36%
[03:45:40] [Server thread/INFO]: Preparing spawn area: 40%
[03:45:41] [Server thread/INFO]: Preparing spawn area: 44%
[03:45:41] [Server thread/INFO]: Preparing spawn area: 48%
[03:45:41] [Server thread/INFO]: Preparing spawn area: 52%
[03:45:41] [Server thread/INFO]: Preparing spawn area: 56%
[03:45:42] [Server thread/INFO]: Preparing spawn area: 60%
[03:45:42] [Server thread/INFO]: Preparing spawn area: 64%
[03:45:42] [Server thread/INFO]: Preparing spawn area: 68%
[03:45:42] [Server thread/INFO]: Preparing spawn area: 72%
[03:45:43] [Server thread/INFO]: Preparing spawn area: 76%
[03:45:43] [Server thread/INFO]: Preparing spawn area: 80%
[03:45:43] [Server thread/INFO]: Preparing spawn area: 84%
[03:45:43] [Server thread/INFO]: Preparing spawn area: 88%
[03:45:44] [Server thread/INFO]: Preparing spawn area: 92%
[03:45:44] [Server thread/INFO]: Preparing spawn area: 96%
[03:45:44] [Server thread/INFO]: Preparing spawn area: 100%
[03:45:44] [Server thread/INFO]: Time elapsed: 7493 ms
[03:45:44] [Server thread/INFO]: Done (11.273s)! For help, type "help"
