[04:18:20] [main/WARN]: Ambiguity between arguments [teleport, destination] and [teleport, targets] with inputs: [Player, 0123, @e, dd12be42-52a9-4a91-a8a1-11c01849e498]
[04:18:20] [main/WARN]: Ambiguity between arguments [teleport, location] and [teleport, destination] with inputs: [0.1 -0.5 .9, 0 0 0]
[04:18:20] [main/WARN]: Ambiguity between arguments [teleport, location] and [teleport, targets] with inputs: [0.1 -0.5 .9, 0 0 0]
[04:18:20] [main/WARN]: Ambiguity between arguments [teleport, targets] and [teleport, destination] with inputs: [Player, 0123, dd12be42-52a9-4a91-a8a1-11c01849e498]
[04:18:20] [main/WARN]: Ambiguity between arguments [teleport, targets, location] and [teleport, targets, destination] with inputs: [0.1 -0.5 .9, 0 0 0]
[04:18:20] [main/INFO]: Loaded 0 recipes
[04:18:20] [main/INFO]: Loaded 0 advancements
[04:18:20] [Server thread/INFO]: Starting minecraft server version 1.13.2
[04:18:20] [Server thread/INFO]: Loading properties
[04:18:20] [Server thread/INFO]: Default game type: SURVIVAL
[04:18:20] [Server thread/INFO]: Generating keypair
[04:18:20] [Server thread/INFO]: Starting Minecraft server on *:25565
[04:18:20] [Server thread/INFO]: Using default channel type
[04:18:21] [Server thread/INFO]: Preparing level "world"
[04:18:21] [Server thread/INFO]: Found new data pack vanilla, loading it automatically
[04:18:21] [Server thread/INFO]: Reloading ResourceManager: Default
[04:18:21] [Server thread/INFO]: Loaded 524 recipes
[04:18:22] [Server thread/INFO]: Loaded 571 advancements
[04:18:25] [Server thread/INFO]: Preparing start region for dimension minecraft:overworld
[04:18:26] [Server thread/INFO]: Preparing spawn area: 0%
[04:18:26] [Server thread/INFO]: Preparing spawn area: 4%
[04:18:27] [Server thread/INFO]: Preparing spawn area: 8%
[04:18:27] [Server thread/INFO]: Preparing spawn area: 12%
[04:18:27] [Server thread/INFO]: Preparing spawn area: 16%
[04:18:28] [Server thread/INFO]: Preparing spawn area: 20%
[04:18:28] [Server thread/INFO]: Preparing spawn area: 24%
[04:18:28] [Server thread/INFO]: Preparing spawn area: 28%
[04:18:28] [Server thread/INFO]: Preparing spawn area: 32%
[04:18:29] [Server thread/INFO]: Preparing spawn area: 36%
[04:18:29] [Server thread/INFO]: Preparing spawn area: 40%
[04:18:29] [Server thread/INFO]: Preparing spawn area: 44%
[04:18:29] [Server thread/INFO]: Preparing spawn area: 48%
[04:18:30] [Server thread/INFO]: Preparing spawn area: 52%
[04:18:30] [Server thread/INFO]: Preparing spawn area: 56%
[04:18:30] [Server thread/INFO]: Preparing spawn area: 60%
[04:18:30] [Server thread/INFO]: Preparing spawn area: 64%
[04:18:31] [Server thread/INFO]: Preparing spawn area: 68%
[04:18:31] [Server thread/INFO]: Preparing spawn area: 72%
[04:18:31] [Server thread/INFO]: Preparing spawn area: 76%
[04:18:31] [Server thread/INFO]: Preparing spawn area: 80%
[04:18:32] [Server thread/INFO]: Preparing spawn area: 84%
[04:18:32] [Server thread/INFO]: Preparing spawn area: 88%
[04:18:32] [Server thread/INFO]: Preparing spawn area: 92%
[04:18:32] [Server thread/INFO]: Preparing spawn area: 96%
[04:18:33] [Server thread/INFO]: Preparing spawn area: 100%
[04:18:33] [Server thread/INFO]: Time elapsed: 7916 ms
[04:18:33] [Server thread/INFO]: Done (11.889s)! For help, type "help"
